16:51:59.703 INFO  - Attempting to launch Hardware server... 
16:51:59.765 INFO  - Error launching Hardware server. 
16:52:14.500 INFO  - Attempting to launch Hardware server... 
16:52:14.515 INFO  - Error launching Hardware server. 
14:26:52.500 ERROR - Unexpected error while parsing XMD response ?: com.google.gson.JsonSyntaxException: com.google.gson.stream.MalformedJsonException: invalid number or unquoted string near  
19:11:04.187 INFO  - Attempting to launch Hardware server... 
19:11:04.234 INFO  - Error launching Hardware server. 
15:53:35.078 INFO  - Attempting to launch Hardware server... 
15:53:35.156 INFO  - Error launching Hardware server. 
15:54:14.781 INFO  - Attempting to launch Hardware server... 
15:54:14.796 INFO  - Error launching Hardware server. 
18:25:58.250 INFO  - Attempting to launch Hardware server... 
18:25:58.296 INFO  - Error launching Hardware server. 
15:31:02.625 INFO  - Attempting to launch Hardware server... 
15:31:02.703 INFO  - Error launching Hardware server. 
19:22:01.874 INFO  - Attempting to launch Hardware server... 
19:22:01.921 INFO  - Error launching Hardware server. 
11:47:20.562 INFO  - Attempting to launch Hardware server... 
11:47:20.625 INFO  - Error launching Hardware server. 
11:47:34.671 INFO  - Attempting to launch Hardware server... 
11:47:34.687 INFO  - Error launching Hardware server. 
15:20:24.937 INFO  - Attempting to launch Hardware server... 
15:20:24.968 INFO  - Error launching Hardware server. 
18:54:33.250 INFO  - Attempting to launch Hardware server... 
18:54:33.281 INFO  - Error launching Hardware server. 
16:26:41.968 INFO  - Attempting to launch Hardware server... 
16:26:41.984 INFO  - Error launching Hardware server. 
17:13:35.906 INFO  - Attempting to launch Hardware server... 
17:13:35.921 INFO  - Error launching Hardware server. 
19:18:57.984 ERROR - Unexpected error while parsing XMD response ?: com.google.gson.JsonSyntaxException: com.google.gson.stream.MalformedJsonException: invalid number or unquoted string near  
10:26:29.787 INFO  - Attempting to launch Hardware server... 
10:26:29.834 INFO  - Error launching Hardware server. 
15:00:08.009 INFO  - Attempting to launch Hardware server... 
15:00:08.040 INFO  - Error launching Hardware server. 
15:34:02.290 INFO  - Attempting to launch Hardware server... 
15:34:02.306 INFO  - Error launching Hardware server. 
19:06:14.546 INFO  - Attempting to launch Hardware server... 
19:06:14.593 INFO  - Error launching Hardware server. 
18:01:07.562 INFO  - Attempting to launch Hardware server... 
18:01:07.593 INFO  - Error launching Hardware server. 
18:52:46.953 INFO  - Attempting to launch Hardware server... 
18:52:46.984 INFO  - Error launching Hardware server. 
19:16:07.187 INFO  - Attempting to launch Hardware server... 
19:16:07.218 INFO  - Error launching Hardware server. 
15:22:18.328 WARN  - Unable to obtain port 2350 for use by XMD, java.net.BindException: Address already in use: JVM_Bind 
14:50:24.375 INFO  - Attempting to launch Hardware server... 
14:50:24.421 INFO  - Error launching Hardware server. 
14:50:49.906 INFO  - Attempting to launch Hardware server... 
14:50:49.921 INFO  - Error launching Hardware server. 
15:55:51.656 INFO  - Attempting to launch Hardware server... 
15:55:51.671 INFO  - Error launching Hardware server. 
17:11:19.421 INFO  - Attempting to launch Hardware server... 
17:11:19.453 INFO  - Error launching Hardware server. 
17:47:33.375 INFO  - Attempting to launch Hardware server... 
17:47:33.390 INFO  - Error launching Hardware server. 
17:47:55.375 INFO  - Attempting to launch Hardware server... 
17:47:55.406 INFO  - Error launching Hardware server. 
16:14:40.593 INFO  - Attempting to launch Hardware server... 
16:14:40.625 INFO  - Error launching Hardware server. 
17:17:45.671 INFO  - Attempting to launch Hardware server... 
17:17:45.687 INFO  - Error launching Hardware server. 
16:31:29.171 INFO  - Attempting to launch Hardware server... 
16:31:29.250 INFO  - Error launching Hardware server. 
16:31:50.093 INFO  - Attempting to launch Hardware server... 
16:31:50.109 INFO  - Error launching Hardware server. 
16:43:54.578 INFO  - Attempting to launch Hardware server... 
16:43:54.656 INFO  - Error launching Hardware server. 
16:44:23.031 INFO  - Attempting to launch Hardware server... 
16:44:23.062 INFO  - Error launching Hardware server. 
16:29:12.717 INFO  - Attempting to launch Hardware server... 
16:29:12.842 INFO  - Error launching Hardware server. 
16:29:34.639 INFO  - Attempting to launch Hardware server... 
16:29:34.654 INFO  - Error launching Hardware server. 
16:18:54.660 INFO  - Attempting to launch Hardware server... 
16:18:54.691 INFO  - Error launching Hardware server. 
11:39:55.544 INFO  - Attempting to launch Hardware server... 
11:39:55.622 INFO  - Error launching Hardware server. 
11:25:01.364 INFO  - Attempting to launch Hardware server... 
11:25:01.458 INFO  - Error launching Hardware server. 
13:40:07.921 INFO  - Attempting to launch Hardware server... 
13:40:08.000 INFO  - Error launching Hardware server. 
13:43:35.843 INFO  - Attempting to launch Hardware server... 
13:43:35.859 INFO  - Error launching Hardware server. 
13:01:15.625 INFO  - Attempting to launch Hardware server... 
13:01:15.687 INFO  - Error launching Hardware server. 
11:45:55.765 INFO  - Attempting to launch Hardware server... 
11:45:55.906 INFO  - Error launching Hardware server. 
17:51:26.390 INFO  - Attempting to launch Hardware server... 
17:51:26.468 INFO  - Error launching Hardware server. 
17:51:43.343 INFO  - Attempting to launch Hardware server... 
17:51:43.375 INFO  - Error launching Hardware server. 
11:16:49.937 INFO  - Attempting to launch Hardware server... 
11:16:50.000 INFO  - Error launching Hardware server. 
17:30:34.796 INFO  - Attempting to launch Hardware server... 
17:30:34.906 INFO  - Error launching Hardware server. 
17:35:49.765 INFO  - Attempting to launch Hardware server... 
17:35:49.796 INFO  - Error launching Hardware server. 
18:54:53.171 INFO  - Attempting to launch Hardware server... 
18:54:53.265 INFO  - Error launching Hardware server. 
16:49:36.875 INFO  - Attempting to launch Hardware server... 
16:49:36.953 INFO  - Error launching Hardware server. 
11:26:08.820 INFO  - Attempting to launch Hardware server... 
11:26:08.913 INFO  - Error launching Hardware server. 
11:26:26.895 INFO  - Attempting to launch Hardware server... 
11:26:26.911 INFO  - Error launching Hardware server. 
11:26:43.595 INFO  - Attempting to launch Hardware server... 
11:26:43.611 INFO  - Error launching Hardware server. 
19:13:12.110 INFO  - Attempting to launch Hardware server... 
19:13:12.126 INFO  - Error launching Hardware server. 
10:25:45.329 INFO  - Attempting to launch Hardware server... 
10:25:45.360 INFO  - Error launching Hardware server. 
15:33:43.891 INFO  - Attempting to launch Hardware server... 
15:33:43.907 INFO  - Error launching Hardware server. 
18:18:32.516 INFO  - Attempting to launch Hardware server... 
18:18:32.548 INFO  - Error launching Hardware server. 
20:13:21.235 INFO  - Attempting to launch Hardware server... 
20:13:21.251 INFO  - Error launching Hardware server. 
10:49:24.891 INFO  - Attempting to launch Hardware server... 
10:49:24.938 INFO  - Error launching Hardware server. 
18:38:41.532 WARN  - Unable to obtain port 2350 for use by XMD, java.net.BindException: Address already in use: JVM_Bind 
16:59:32.095 WARN  - Unable to obtain port 2350 for use by XMD, java.net.BindException: Address already in use: JVM_Bind 
16:59:41.888 INFO  - Attempting to launch Hardware server... 
16:59:41.919 INFO  - Error launching Hardware server. 
18:37:43.031 INFO  - Attempting to launch Hardware server... 
18:37:43.140 INFO  - Error launching Hardware server. 
18:38:09.859 INFO  - Attempting to launch Hardware server... 
18:38:09.875 INFO  - Error launching Hardware server. 
15:35:05.906 INFO  - Attempting to launch Hardware server... 
15:35:06.015 INFO  - Error launching Hardware server. 
15:35:20.421 INFO  - Attempting to launch Hardware server... 
15:35:20.437 INFO  - Error launching Hardware server. 
17:11:05.492 INFO  - Attempting to launch Hardware server... 
17:11:05.539 INFO  - Error launching Hardware server. 
17:11:17.624 INFO  - Attempting to launch Hardware server... 
17:11:17.640 INFO  - Error launching Hardware server. 
17:31:37.335 INFO  - Attempting to launch Hardware server... 
17:31:37.351 INFO  - Error launching Hardware server. 
18:26:03.419 INFO  - Attempting to launch Hardware server... 
18:26:03.434 INFO  - Error launching Hardware server. 
19:30:17.397 INFO  - Attempting to launch Hardware server... 
19:30:17.522 INFO  - Error launching Hardware server. 
19:37:55.429 INFO  - Attempting to launch Hardware server... 
19:37:55.460 INFO  - Error launching Hardware server. 
11:09:44.647 INFO  - Attempting to launch Hardware server... 
11:09:44.725 INFO  - Error launching Hardware server. 
11:09:58.835 INFO  - Attempting to launch Hardware server... 
11:09:58.850 INFO  - Error launching Hardware server. 
17:50:55.125 INFO  - Attempting to launch Hardware server... 
17:50:55.187 INFO  - Error launching Hardware server. 
17:51:10.109 INFO  - Attempting to launch Hardware server... 
17:51:10.125 INFO  - Error launching Hardware server. 
17:01:42.968 INFO  - Attempting to launch Hardware server... 
17:01:43.046 INFO  - Error launching Hardware server. 
14:59:11.406 INFO  - Attempting to launch Hardware server... 
14:59:11.546 INFO  - Error launching Hardware server. 
14:59:27.703 INFO  - Attempting to launch Hardware server... 
14:59:27.718 INFO  - Error launching Hardware server. 
10:37:07.236 INFO  - Attempting to launch Hardware server... 
10:37:09.719 INFO  - Hardware server is launched successfully. 
15:24:52.007 INFO  - Attempting to launch Hardware server... 
15:24:55.316 INFO  - Hardware server is launched successfully. 
15:38:10.856 ERROR - Unable to determine the referenced BSP for application project nova. Please make sure that the project specified in the launch configuration has a referenced BSP project. 
15:45:08.879 ERROR - Unexpected error while fetching XMD's response:  java.net.SocketException: Connection reset
	at java.net.SocketInputStream.read(Unknown Source)
	at sun.nio.cs.StreamDecoder.readBytes(Unknown Source)

15:45:08.879 ERROR - Zero sized response read from XMD. This indicates a communication error or a programming error. 
17:36:02.193 INFO  - Attempting to launch Hardware server... 
17:36:02.750 INFO  - Hardware server is launched successfully. 
17:39:36.267 ERROR - Unable to determine the referenced BSP for application project nova. Please make sure that the project specified in the launch configuration has a referenced BSP project. 
17:54:35.946 ERROR - Unexpected error while fetching XMD's response:  java.net.SocketException: Connection reset
	at java.net.SocketInputStream.read(Unknown Source)
	at sun.nio.cs.StreamDecoder.readBytes(Unknown Source)

17:54:35.946 ERROR - Zero sized response read from XMD. This indicates a communication error or a programming error. 
